Arguments: 
  /Users/zhimingliu/.nvm/versions/node/v6.10.0/bin/node /usr/local/bin/yarn add element-ui

PATH: 
  /Users/zhimingliu/.nvm/versions/node/v6.10.0/bin:/usr/local/bin:/usr/bin:/bin:/usr/sbin:/sbin:/usr/local/mysql/bin:/usr/local/mysql/bin:/usr/local/mysql/bin:/usr/local/mysql/bin:/usr/local/mysql/bin

Yarn version: 
  0.16.1

Node version: 
  6.10.0

Platform: 
  darwin x64

npm manifest: 
  {
    "name": "webpack-demo",
    "version": "1.0.0",
    "description": "",
    "main": "webpack.base.js",
    "scripts": {
      "test": "echo \"Error: no test specified\" && exit 1",
      "build": "gulp clean-build && gulp copy-assets-build && webpack --env=prod --config config/webpack.prod.js && gulp img-mini && gulp upload",
      "dev": "gulp clean-local && gulp copy-assets-local && webpack -w --env=dev --config config/webpack.dev.js",
      "server": "node server/index.js"
    },
    "keywords": [],
    "author": "MertensMing <13680543450@163.com>",
    "license": "ISC",
    "devDependencies": {
      "clean-webpack-plugin": "^0.1.16",
      "css-loader": "^0.28.5",
      "extract-text-webpack-plugin": "^2.1.2",
      "fast-uglifyjs-plugin": "^0.3.0",
      "fbjs": "^0.8.14",
      "file-loader": "^0.11.2",
      "glob": "^7.1.2",
      "gulp": "^3.9.1",
      "gulp-clean": "^0.3.2",
      "gulp-hash-filename": "^1.2.0",
      "gulp-imagemin": "^3.3.0",
      "gulp-qiniu": "^0.2.4",
      "gulp-rename": "^1.2.2",
      "html-entities": "^1.2.1",
      "html-loader": "^0.5.1",
      "html-webpack-plugin": "^2.30.1",
      "node-sass": "^4.5.3",
      "sass-loader": "^6.0.6",
      "style-loader": "^0.18.2",
      "ts-loader": "^2.3.4",
      "typescript": "^2.4.2",
      "vue-loader": "^13.0.4",
      "vue-style-loader": "^3.0.1",
      "webpack": "^3.5.5",
      "webpack-manifest-plugin": "^1.3.1",
      "webpack-merge": "^4.1.0"
    },
    "dependencies": {
      "antd": "^2.12.8",
      "atui": "^0.1.2",
      "axios": "^0.16.2",
      "babel-core": "^6.25.0",
      "babel-loader": "^6.4.1",
      "babel-plugin-import": "^1.4.0",
      "babel-plugin-transform-runtime": "^6.23.0",
      "babel-plugin-transform-vue-jsx": "^3.5.0",
      "babel-preset-env": "^1.5.2",
      "babel-preset-es2015": "^6.24.1",
      "babel-preset-react": "^6.24.1",
      "babel-preset-stage-0": "^6.24.1",
      "create-react-class": "^15.6.0",
      "jsonp": "^0.2.1",
      "less": "^2.7.2",
      "less-loader": "^4.0.5",
      "object-assign": "^4.1.1",
      "prop-types": "^15.5.10",
      "query-string": "^5.0.0",
      "react": "^15.6.1",
      "react-dom": "^15.6.1",
      "react-redux": "^5.0.6",
      "react-router": "3.0.5",
      "react-router-dom": "^4.2.2",
      "react-router-redux": "^4.0.8",
      "redux": "^3.7.2",
      "vue": "^2.4.2",
      "vue-beauty": "^2.0.0-beta.5",
      "vue-router": "^2.7.0",
      "vue-template-compiler": "^2.4.2",
      "vuex": "^2.4.0"
    },
    "repository": {
      "url": "git@github.com:MertensMing/weapp-manage-front.git",
      "type": "git"
    },
    "theme": {
      "primary-color": "#1088ae"
    }
  }

yarn manifest: 
  No manifest

bower manifest: 
  No manifest

Lockfile: 
  No lockfile

Trace: 
  Error: ENOENT: no such file or directory, open '/Users/zhimingliu/code/weapp-manage-front/node_modules/atui/node_modules/vue/package.json'
      at Error (native)
